2024-02-11T14:50:33.485+05:30  INFO 11860 --- [main] c.s.api.ScoutCompassApplication          : Starting ScoutCompassApplication using Java 21.0.1 with PID 11860 (F:\Kanchana\iit\3yr\SDGP\scout_compass\ScoutCompass\target\classes started by kanchana_m in F:\Kanchana\iit\3yr\SDGP\scout_compass\ScoutCompass)
2024-02-11T14:50:33.488+05:30  INFO 11860 --- [main] c.s.api.ScoutCompassApplication          : No active profile set, falling back to 1 default profile: "default"
2024-02-11T14:50:34.368+05:30  INFO 11860 --- [main] .s.d.r.c.RepositoryConfigurationDelegate : Bootstrapping Spring Data JPA repositories in DEFAULT mode.
2024-02-11T14:50:34.461+05:30  INFO 11860 --- [main] .s.d.r.c.RepositoryConfigurationDelegate : Finished Spring Data repository scanning in 73 ms. Found 3 JPA repository interfaces.
2024-02-11T14:50:35.190+05:30  INFO 11860 --- [main] o.s.b.w.embedded.tomcat.TomcatWebServer  : Tomcat initialized with port 8081 (http)
2024-02-11T14:50:35.206+05:30  INFO 11860 --- [main] o.apache.catalina.core.StandardService   : Starting service [Tomcat]
2024-02-11T14:50:35.206+05:30  INFO 11860 --- [main] o.apache.catalina.core.StandardEngine    : Starting Servlet engine: [Apache Tomcat/10.1.18]
2024-02-11T14:50:35.299+05:30  INFO 11860 --- [main] o.a.c.c.C.[Tomcat].[localhost].[/]       : Initializing Spring embedded WebApplicationContext
2024-02-11T14:50:35.299+05:30  INFO 11860 --- [main] w.s.c.ServletWebServerApplicationContext : Root WebApplicationContext: initialization completed in 1760 ms
2024-02-11T14:50:35.503+05:30  INFO 11860 --- [main] o.hibernate.jpa.internal.util.LogHelper  : HHH000204: Processing PersistenceUnitInfo [name: default]
2024-02-11T14:50:35.565+05:30  INFO 11860 --- [main] org.hibernate.Version                    : HHH000412: Hibernate ORM core version 6.4.1.Final
2024-02-11T14:50:35.598+05:30  INFO 11860 --- [main] o.h.c.internal.RegionFactoryInitiator    : HHH000026: Second-level cache disabled
2024-02-11T14:50:35.770+05:30  INFO 11860 --- [main] o.s.o.j.p.SpringPersistenceUnitInfo      : No LoadTimeWeaver setup: ignoring JPA class transformer
2024-02-11T14:50:35.786+05:30  INFO 11860 --- [main] com.zaxxer.hikari.HikariDataSource       : HikariPool-1 - Starting...
2024-02-11T14:50:36.185+05:30  INFO 11860 --- [main] com.zaxxer.hikari.pool.HikariPool        : HikariPool-1 - Added connection com.mysql.cj.jdbc.ConnectionImpl@300a38e7
2024-02-11T14:50:36.187+05:30  INFO 11860 --- [main] com.zaxxer.hikari.HikariDataSource       : HikariPool-1 - Start completed.
2024-02-11T14:50:37.531+05:30  INFO 11860 --- [main] o.h.e.t.j.p.i.JtaPlatformInitiator       : HHH000489: No JTA platform available (set 'hibernate.transaction.jta.platform' to enable JTA platform integration)
2024-02-11T14:50:38.003+05:30  INFO 11860 --- [main] j.LocalContainerEntityManagerFactoryBean : Initialized JPA EntityManagerFactory for persistence unit 'default'
2024-02-11T14:50:38.549+05:30  WARN 11860 --- [main] JpaBaseConfiguration$JpaWebConfiguration : spring.jpa.open-in-view is enabled by default. Therefore, database queries may be performed during view rendering. Explicitly configure spring.jpa.open-in-view to disable this warning
2024-02-11T14:50:38.839+05:30  INFO 11860 --- [main] o.s.s.web.DefaultSecurityFilterChain     : Will secure any request with [org.springframework.security.web.session.DisableEncodeUrlFilter@3fe21d0e, org.springframework.security.web.context.request.async.WebAsyncManagerIntegrationFilter@787b7796, org.springframework.security.web.context.SecurityContextHolderFilter@73483d4b, org.springframework.security.web.header.HeaderWriterFilter@69e308e2, org.springframework.web.filter.CorsFilter@1c512bb, org.springframework.security.web.authentication.logout.LogoutFilter@121c1a08, JwtAuthenticationFilter@36e358de, org.springframework.security.web.savedrequest.RequestCacheAwareFilter@67eabe02, org.springframework.security.web.servletapi.SecurityContextHolderAwareRequestFilter@4197e859, org.springframework.security.web.authentication.AnonymousAuthenticationFilter@a0e35c3, org.springframework.security.web.session.SessionManagementFilter@682270ff, org.springframework.security.web.access.ExceptionTranslationFilter@322593ed, org.springframework.security.web.access.intercept.AuthorizationFilter@77185a2]
2024-02-11T14:50:39.067+05:30  INFO 11860 --- [main] o.s.b.w.embedded.tomcat.TomcatWebServer  : Tomcat started on port 8081 (http) with context path ''
2024-02-11T14:50:39.083+05:30  INFO 11860 --- [main] c.s.api.ScoutCompassApplication          : Started ScoutCompassApplication in 6.334 seconds (process running for 8.067)
